<?xml version="1.0" encoding="UTF-8"?>
<testsuite name="org.example.restaurant.BreakfastWaiterTest" tests="2" skipped="0" failures="0" errors="0" timestamp="2023-03-14T07:34:02" hostname="DELL" time="1.719">
  <properties/>
  <testcase name="getMeatMenu_returnsBreakfastMeatMenu_whenUsingBreakfastWaiter()" classname="org.example.restaurant.BreakfastWaiterTest" time="1.701"/>
  <testcase name="getVegetarianMenu_returnsBreakfastVegMenu_whenUsingBreakfastWaiter()" classname="org.example.restaurant.BreakfastWaiterTest" time="0.007"/>
  <system-out><![CDATA[]]></system-out>
  <system-err><![CDATA[]]></system-err>
</testsuite>
